000001 00001000 8E31D83D2D03D5C6CD7A2A4EBDD94993 0000   0=00000000 1=00000FB0 2=00000000 3=00000000
	4=00000000  5=00000000  6=00000000  7=00000000  8=00000000 9=00000000
       10=00000000 11=00000000 12=00000000 13=00007000 14=00000000
000002 00001004 8E31D83D2D03D5C6CD7A2A4EBDD94993 0000   0=00000000 1=00000FB0 2=00005000 3=00000000
	4=00000000  5=00000000  6=00000000  7=00000000  8=00000000 9=00000000
       10=00000000 11=00000000 12=00000000 13=00007000 14=00000000
000003 00001008 8E31D83D2D03D5C6CD7A2A4EBDD94993 0000   0=00000000 1=00000FB0 2=00005000 3=00003000
	4=00000000  5=00000000  6=00000000  7=00000000  8=00000000 9=00000000
       10=00000000 11=00000000 12=00000000 13=00007000 14=00000000
000004 0000100C 8E31D83D2D03D5C6CD7A2A4EBDD94993 0000   0=00000000 1=00000FB0 2=00005000 3=00003000
	4=00000008  5=00000000  6=00000000  7=00000000  8=00000000 9=00000000
       10=00000000 11=00000000 12=00000000 13=00007000 14=00000000
000005 00001010 628C0B4566E962AF73588976F9830BD0 0000   0=00000000 1=00000FB0 2=00005000 3=00003000
	4=00000008  5=00000000  6=00000000  7=00000000  8=00000000 9=00000000
       10=00000000 11=00000000 12=00000000 13=00007000 14=00000000
000006 00001014 525CC311372AD6E0584AA2829D1FE169 0000   0=00000000 1=00000FB0 2=00005000 3=00003000
	4=00000008  5=00000000  6=00000000  7=00000000  8=00000000 9=00000000
       10=00000000 11=00000000 12=00000000 13=00007000 14=00000000
000007 00001018 6C377D0CEF98BD8B36B655F967C227E8 0000   0=00000000 1=00000FB0 2=00005000 3=00003000
	4=00000008  5=00000000  6=00000000  7=00000000  8=00000000 9=00000000
       10=00000000 11=00000000 12=00000000 13=00007000 14=00000000
